
> e-commerce-project@0.1.0 build
> next build

   ▲ Next.js 15.3.4
   - Environments: .env.local

   Creating an optimized production build ...
 ✓ Compiled successfully in 6.0s
   Linting and checking validity of types ...

./src/components/navbar/CartSidebar.tsx
55:6  Warning: React Hook useMemo has an unnecessary dependency: 'localQuantities'. Either exclude it or remove the dependency array.  react-hooks/exhaustive-deps

info  - Need to disable some ESLint rules? Learn more here: https://nextjs.org/docs/app/api-reference/config/eslint#disabling-rules
   Collecting page data ...
   Generating static pages (0/27) ...
   Generating static pages (6/27) 
   Generating static pages (13/27) 
   Generating static pages (20/27) 
http://localhost:5000
[
  'http://localhost:3000/collections/Women/unstitched/printed-unstitched',
  'http://localhost:3000/collections/Women/pret/embroidered-pret',
  'http://localhost:3000/collections/Women/unstitched/2-piece-unstitched'
]
Error fetching settings: Error: Dynamic server usage: Route /dashboard/manage-shipping couldn't be rendered statically because it used no-store fetch http://localhost:5000/api/settings /dashboard/manage-shipping. See more info here: https://nextjs.org/docs/messages/dynamic-server-error
    at g (.next/server/chunks/4243.js:19:9981)
    at <unknown> (.next/server/chunks/4243.js:1:20706)
    at <unknown> (.next/server/chunks/4243.js:19:4491)
    at a.with (.next/server/chunks/4243.js:20:11256)
    at u.with (.next/server/chunks/4243.js:20:5503)
    at u.startActiveSpan (.next/server/chunks/4243.js:20:20469)
    at a.startActiveSpan (.next/server/chunks/4243.js:20:21003)
    at <unknown> (.next/server/chunks/4243.js:19:3999)
    at a.with (.next/server/chunks/4243.js:20:11256)
    at u.with (.next/server/chunks/4243.js:20:5503) {
  description: "Route /dashboard/manage-shipping couldn't be rendered statically because it used no-store fetch http://localhost:5000/api/settings /dashboard/manage-shipping. See more info here: https://nextjs.org/docs/messages/dynamic-server-error",
  digest: 'DYNAMIC_SERVER_USAGE'
}
 ✓ Generating static pages (27/27)
   Finalizing page optimization ...
   Collecting build traces ...

Route (app)                                                Size  First Load JS
┌ ƒ /                                                   10.9 kB         159 kB
├ ƒ /_not-found                                           990 B         103 kB
├ ƒ /all-products                                       4.12 kB         149 kB
├ ƒ /api/auth/[...nextauth]                               152 B         102 kB
├ ƒ /api/auth/error                                       819 B         103 kB
├ ƒ /auth/error                                           960 B         106 kB
├ ƒ /checkout                                           17.7 kB         181 kB
├ ● /collections/[category]/[tag]/[subTag]              6.46 kB         154 kB
├   ├ /collections/women/unstitched/printed-unstitched
├   ├ /collections/women/pret/embroidered-pret
├   └ /collections/women/unstitched/2-piece-unstitched
├ ƒ /dashboard                                          8.44 kB         131 kB
├ ƒ /dashboard/create-category                          4.65 kB         151 kB
├ ƒ /dashboard/create-coupon                            4.39 kB         160 kB
├ ƒ /dashboard/create-product                           5.38 kB         179 kB
├ ƒ /dashboard/create-tag                               4.97 kB         173 kB
├ ƒ /dashboard/create-variant                           5.25 kB         146 kB
├ ƒ /dashboard/edit-product/[id]                        4.32 kB         157 kB
├ ƒ /dashboard/edit-variants/[id]                       5.05 kB         164 kB
├ ƒ /dashboard/import-data                              3.01 kB         114 kB
├ ƒ /dashboard/manage-banner                             4.9 kB         151 kB
├ ƒ /dashboard/manage-orders                            13.8 kB         155 kB
├ ƒ /dashboard/manage-shipping                          3.41 kB         131 kB
├ ƒ /dashboard/manage-stocks                            7.27 kB         135 kB
├ ƒ /dashboard/view-products                            5.68 kB         142 kB
├ ƒ /login                                              2.06 kB         129 kB
├ ƒ /order-confirmation/[orderId]                         808 B         103 kB
├ ƒ /orders                                             2.45 kB         118 kB
├ ƒ /products/[slug]                                    10.3 kB         173 kB
├ ƒ /profile                                            1.51 kB         122 kB
├ ○ /robots.txt                                           152 B         102 kB
├ ○ /sitemap.xml                                          152 B         102 kB
└ ƒ /wishlist                                           4.62 kB         129 kB
+ First Load JS shared by all                            102 kB
  ├ chunks/1684-7c1a6b8b2026a4b4.js                     46.4 kB
  ├ chunks/4bd1b696-2c0881dc8eb5ce6e.js                 53.2 kB
  └ other shared chunks (total)                         2.23 kB


ƒ Middleware                                            54.4 kB

○  (Static)   prerendered as static content
●  (SSG)      prerendered as static HTML (uses generateStaticParams)
ƒ  (Dynamic)  server-rendered on demand

